d:\123\курсоваяbmpfinal\курсоваяbmpfinal\debug\vc142.pdb
d:\123\курсоваяbmpfinal\курсоваяbmpfinal\debug\.netframework,version=v4.7.2.assemblyattributes.obj
d:\123\курсоваяbmpfinal\курсоваяbmpfinal\debug\registr.obj
d:\123\курсоваяbmpfinal\курсоваяbmpfinal\debug\bmp.obj
d:\123\курсоваяbmpfinal\курсоваяbmpfinal\debug\authorizati.obj
d:\123\курсоваяbmpfinal\курсоваяbmpfinal\debug\admin.obj
d:\123\курсоваяbmpfinal\debug\system.resources.extensions.dll
d:\123\курсоваяbmpfinal\debug\system.memory.dll
d:\123\курсоваяbmpfinal\debug\system.numerics.vectors.dll
d:\123\курсоваяbmpfinal\debug\system.buffers.dll
d:\123\курсоваяbmpfinal\debug\курсоваяbmpfinal.exe
d:\123\курсоваяbmpfinal\debug\курсоваяbmpfinal.pdb
d:\123\курсоваяbmpfinal\курсоваяbmpfinal\debug\курсоваяbmpfinal.admin.resources
d:\123\курсоваяbmpfinal\курсоваяbmpfinal\debug\курсоваяbmpfinal.authorizati.resources
d:\123\курсоваяbmpfinal\курсоваяbmpfinal\debug\курсоваяbmpfinal.bmp.resources
d:\123\курсоваяbmpfinal\курсоваяbmpfinal\debug\курсоваяbmpfinal.mystring.resources
d:\123\курсоваяbmpfinal\курсоваяbmpfinal\debug\курсоваяbmpfinal.registr.resources
d:\123\курсоваяbmpfinal\курсоваяbmpfinal\debug\курсоваяbmpfinal.authorizati.be-by.resources
d:\123\курсоваяbmpfinal\курсоваяbmpfinal\debug\курсоваяbmpfinal.authorizati.en-us.resources
d:\123\курсоваяbmpfinal\курсоваяbmpfinal\debug\курсоваяbmpfinal.bmp.be-by.resources
d:\123\курсоваяbmpfinal\курсоваяbmpfinal\debug\курсоваяbmpfinal.bmp.en-us.resources
d:\123\курсоваяbmpfinal\курсоваяbmpfinal\debug\курсоваяbmpfinal.bmp.en.resources
d:\123\курсоваяbmpfinal\курсоваяbmpfinal\debug\курсоваяbmpfinal.mystring.be-by.resources
d:\123\курсоваяbmpfinal\курсоваяbmpfinal\debug\курсоваяbmpfinal.mystring.en-us.resources
d:\123\курсоваяbmpfinal\курсоваяbmpfinal\debug\курсоваяbmpfinal.registr.be-by.resources
d:\123\курсоваяbmpfinal\курсоваяbmpfinal\debug\курсоваяbmpfinal.registr.en-us.resources
d:\123\курсоваяbmpfinal\debug\be-by\курсоваяbmpfinal.resources.dll
d:\123\курсоваяbmpfinal\debug\en-us\курсоваяbmpfinal.resources.dll
d:\123\курсоваяbmpfinal\debug\en\курсоваяbmpfinal.resources.dll
d:\123\курсоваяbmpfinal\курсоваяbmpfinal\debug\курсоваяbmpfinal.admin.be-by.resources
d:\123\курсоваяbmpfinal\курсоваяbmpfinal\debug\курсоваяbmpfinal.admin.en-us.resources
d:\123\курсоваяbmpfinal\курсоваяbmpfinal\debug\курсоваяbmpfinal.tlog\cl.command.1.tlog
d:\123\курсоваяbmpfinal\курсоваяbmpfinal\debug\курсоваяbmpfinal.tlog\cl.read.1.tlog
d:\123\курсоваяbmpfinal\курсоваяbmpfinal\debug\курсоваяbmpfinal.tlog\cl.write.1.tlog
d:\123\курсоваяbmpfinal\курсоваяbmpfinal\debug\курсоваяbmpfinal.tlog\copylocal.read.1u.tlog
d:\123\курсоваяbmpfinal\курсоваяbmpfinal\debug\курсоваяbmpfinal.tlog\copylocal.write.1u.tlog
d:\123\курсоваяbmpfinal\курсоваяbmpfinal\debug\курсоваяbmpfinal.tlog\link.command.1.tlog
d:\123\курсоваяbmpfinal\курсоваяbmpfinal\debug\курсоваяbmpfinal.tlog\link.read.1.tlog
d:\123\курсоваяbmpfinal\курсоваяbmpfinal\debug\курсоваяbmpfinal.tlog\link.write.1.tlog
d:\123\курсоваяbmpfinal\курсоваяbmpfinal\debug\курсоваяbmpfinal.tlog\metagen.read.1.tlog
d:\123\курсоваяbmpfinal\курсоваяbmpfinal\debug\курсоваяbmpfinal.tlog\metagen.write.1.tlog
d:\123\курсоваяbmpfinal\курсоваяbmpfinal\debug\курсоваяbmpfinal.tlog\курсоваяbmpfinal.write.1u.tlog
